2025-04-02T00:17:09.810Z 
2025-04-02T00:17:09.822Z 
2025-04-02T00:17:09.830Z Connected to MongoDB
2025-04-02T00:17:09.830Z 
2025-04-02T00:17:09.834Z Server is running on port 3000
2025-04-02T00:18:30.327Z 
2025-04-02T00:18:30.340Z 
2025-04-02T00:18:30.347Z Connected to MongoDB
2025-04-02T00:18:30.347Z 
2025-04-02T00:18:30.351Z Server is running on port 3000
2025-04-02T00:20:19.687Z 
2025-04-02T00:20:19.702Z 
2025-04-02T00:20:19.708Z Connected to MongoDB
2025-04-02T00:20:19.708Z 
2025-04-02T00:20:19.712Z Server is running on port 3000
2025-04-02T00:21:26.198Z 
2025-04-02T00:21:26.211Z 
2025-04-02T00:21:26.218Z Connected to MongoDB
2025-04-02T00:21:26.218Z 
2025-04-02T00:21:26.222Z Server is running on port 3000
2025-04-02T00:21:45.065Z 
2025-04-02T00:21:45.079Z 
2025-04-02T00:21:45.085Z Connected to MongoDB
2025-04-02T00:21:45.086Z 
2025-04-02T00:21:45.089Z Server is running on port 3000
2025-04-02T00:21:55.505Z 
2025-04-02T00:21:55.521Z 
2025-04-02T00:21:55.527Z Connected to MongoDB
2025-04-02T00:21:55.528Z GMap_API_key:undefined
2025-04-02T00:21:55.532Z Server is running on port 3000
2025-04-02T00:23:27.293Z 
2025-04-02T00:23:27.308Z 
2025-04-02T00:23:27.319Z Connected to MongoDB
2025-04-02T00:23:27.319Z GMap_API_key:AIzaSyBoG58gmt5sB4p6dmwZBz40Doa_xn8zkks
2025-04-02T00:23:27.324Z Server is running on port 3000
2025-04-02T00:23:57.133Z AIzaSyBoG58gmt5sB4p6dmwZBz40Doa_xn8zkks
2025-04-02T00:23:57.146Z AIzaSyBoG58gmt5sB4p6dmwZBz40Doa_xn8zkks
2025-04-02T00:23:57.154Z Connected to MongoDB
2025-04-02T00:23:57.154Z GMap_API_key:AIzaSyBoG58gmt5sB4p6dmwZBz40Doa_xn8zkks
2025-04-02T00:23:57.157Z Server is running on port 3000
2025-04-02T00:24:02.695Z AIzaSyBoG58gmt5sB4p6dmwZBz40Doa_xn8zkks
2025-04-02T00:24:02.710Z AIzaSyBoG58gmt5sB4p6dmwZBz40Doa_xn8zkks
2025-04-02T00:24:02.717Z Connected to MongoDB
2025-04-02T00:24:02.717Z GMap_API_key:AIzaSyBoG58gmt5sB4p6dmwZBz40Doa_xn8zkks
2025-04-02T00:24:02.721Z Server is running on port 3000
2025-04-02T00:24:20.113Z AIzaSyBoG58gmt5sB4p6dmwZBz40Doa_xn8zkks
2025-04-02T00:24:20.120Z Connected to MongoDB
2025-04-02T00:24:20.120Z GMap_API_key:AIzaSyBoG58gmt5sB4p6dmwZBz40Doa_xn8zkks
2025-04-02T00:24:20.123Z Server is running on port 3000
